<?xml version="1.0" encoding="UTF-8"?>
<testsuite xmlns:xsi="http://www.w3.org/2001/XMLSchema-instance" xsi:noNamespaceSchemaLocation="https://maven.apache.org/surefire/maven-surefire-plugin/xsd/surefire-test-report-3.0.xsd" version="3.0" name="com.example.DoubleV.DoubleVApplicationTests" time="3.012" tests="1" errors="0" skipped="0" failures="0">
  <properties>
[...]
</properties>
  <testcase name="contextLoads" classname="com.example.DoubleV.DoubleVApplicationTests" time="0.416">
    <system-out><![CDATA[22:24:53.749 [main] INFO org.springframework.test.context.support.AnnotationConfigContextLoaderUtils -- Could not detect default configuration classes for test class [com.example.DoubleV.DoubleVApplicationTests]: DoubleVApplicationTests does not declare any static, non-private, non-final, nested classes annotated with @Configuration.
22:24:53.813 [main] INFO org.springframework.boot.test.context.SpringBootTestContextBootstrapper -- Found @SpringBootConfiguration com.example.DoubleV.DoubleVApplication for test class com.example.DoubleV.DoubleVApplicationTests

  .   ____          _            __ _ _
 /\\ / ___'_ __ _ _(_)_ __  __ _ \ \ \ \
( ( )\___ | '_ | '_| | '_ \/ _` | \ \ \ \
 \\/  ___)| |_)| | | | | || (_| |  ) ) ) )
  '  |____| .__|_| |_|_| |_\__, | / / / /
 =========|_|==============|___/=/_/_/_/
 :: Spring Boot ::                (v3.1.2)

2023-07-25T22:24:53.986-05:00  INFO 35786 --- [           main] c.e.DoubleV.DoubleVApplicationTests      : Starting DoubleVApplicationTests using Java 17.0.5 with PID 35786 (started by angiezapata in /Users/angiezapata/Desktop/doubleV)
2023-07-25T22:24:53.987-05:00  INFO 35786 --- [           main] c.e.DoubleV.DoubleVApplicationTests      : No active profile set, falling back to 1 default profile: "default"
2023-07-25T22:24:54.348-05:00  INFO 35786 --- [           main] .s.d.r.c.RepositoryConfigurationDelegate : Bootstrapping Spring Data JPA repositories in DEFAULT mode.
2023-07-25T22:24:54.386-05:00  INFO 35786 --- [           main] .s.d.r.c.RepositoryConfigurationDelegate : Finished Spring Data repository scanning in 33 ms. Found 1 JPA repository interfaces.
2023-07-25T22:24:54.866-05:00  INFO 35786 --- [           main] com.zaxxer.hikari.HikariDataSource       : HikariPool-1 - Starting...
2023-07-25T22:24:55.049-05:00  INFO 35786 --- [           main] com.zaxxer.hikari.pool.HikariPool        : HikariPool-1 - Added connection org.postgresql.jdbc.PgConnection@161dd92a
2023-07-25T22:24:55.051-05:00  INFO 35786 --- [           main] com.zaxxer.hikari.HikariDataSource       : HikariPool-1 - Start completed.
2023-07-25T22:24:55.094-05:00  INFO 35786 --- [           main] o.hibernate.jpa.internal.util.LogHelper  : HHH000204: Processing PersistenceUnitInfo [name: default]
2023-07-25T22:24:55.134-05:00  INFO 35786 --- [           main] org.hibernate.Version                    : HHH000412: Hibernate ORM core version 6.2.6.Final
2023-07-25T22:24:55.135-05:00  INFO 35786 --- [           main] org.hibernate.cfg.Environment            : HHH000406: Using bytecode reflection optimizer
2023-07-25T22:24:55.205-05:00  INFO 35786 --- [           main] o.h.b.i.BytecodeProviderInitiator        : HHH000021: Bytecode provider name : bytebuddy
2023-07-25T22:24:55.285-05:00  INFO 35786 --- [           main] o.s.o.j.p.SpringPersistenceUnitInfo      : No LoadTimeWeaver setup: ignoring JPA class transformer
2023-07-25T22:24:55.466-05:00  INFO 35786 --- [           main] o.h.b.i.BytecodeProviderInitiator        : HHH000021: Bytecode provider name : bytebuddy
2023-07-25T22:24:55.850-05:00  INFO 35786 --- [           main] o.h.e.t.j.p.i.JtaPlatformInitiator       : HHH000490: Using JtaPlatform implementation: [org.hibernate.engine.transaction.jta.platform.internal.NoJtaPlatform]
2023-07-25T22:24:55.852-05:00  INFO 35786 --- [           main] j.LocalContainerEntityManagerFactoryBean : Initialized JPA EntityManagerFactory for persistence unit 'default'
2023-07-25T22:24:56.035-05:00  WARN 35786 --- [           main] JpaBaseConfiguration$JpaWebConfiguration : spring.jpa.open-in-view is enabled by default. Therefore, database queries may be performed during view rendering. Explicitly configure spring.jpa.open-in-view to disable this warning
2023-07-25T22:24:56.250-05:00  INFO 35786 --- [           main] c.e.DoubleV.DoubleVApplicationTests      : Started DoubleVApplicationTests in 2.374 seconds (process running for 2.866)
]]></system-out>
  </testcase>
</testsuite>